<?xml version="1.0" encoding="UTF-8"?>
<testng-results ignored="0" total="1" passed="1" failed="0" skipped="0">
  <reporter-output>
  </reporter-output>
  <suite started-at="2023-10-11T17:27:59 IST" name="Suite" finished-at="2023-10-11T17:27:59 IST" duration-ms="43">
    <groups>
    </groups>
    <test started-at="2023-10-11T17:27:59 IST" name="Test" finished-at="2023-10-11T17:27:59 IST" duration-ms="43">
      <class name="ThreadPackage.CallingThreadClass">
        <test-method signature="threadRun()[pri:0, instance:ThreadPackage.CallingThreadClass@2fb3536e]" started-at="2023-10-11T17:27:59 IST" name="threadRun" finished-at="2023-10-11T17:27:59 IST" duration-ms="12" status="PASS">
          <reporter-output>
          </reporter-output>
        </test-method> <!-- threadRun -->
      </class> <!-- ThreadPackage.CallingThreadClass -->
    </test> <!-- Test -->
  </suite> <!-- Suite -->
</testng-results>
